02:43:02 **** Incremental Build of configuration Debug for project control_ecu ****
make all 
Building file: ../control_ecu.c
Invoking: AVR Compiler
avr-gcc -Wall -g2 -gstabs -O0 -fpack-struct -fshort-enums -ffunction-sections -fdata-sections -std=gnu99 -funsigned-char -funsigned-bitfields -mmcu=atmega16 -DF_CPU=8000000UL -MMD -MP -MF"control_ecu.d" -MT"control_ecu.o" -c -o "control_ecu.o" "../control_ecu.c"
In file included from ../uart/../std/microcontroller_config.h:18,
                 from ../uart/../std/std.h:11,
                 from ../uart/uart.h:13,
                 from ../program_externals.h:12,
                 from ../control_ecu.c:20:
c:/winavr-20100110/lib/gcc/../../avr/include/util/delay.h:90:3: warning: #warning "Compiler optimizations disabled; functions from <util/delay.h> won't work as designed"
Finished building: ../control_ecu.c
 
Building target: control_ecu.elf
Invoking: AVR C Linker
avr-gcc -Wl,-Map,control_ecu.map -mmcu=atmega16 -o "control_ecu.elf"  ./uart/uart.o  ./timer0_pwm/timer0_pwm.o  ./timer0_ovf/timer0_ovf.o  ./eeprom/i2c/i2c.o  ./eeprom/eeprom.o  ./dc_motor/dc_motor.o  ./control_ecu.o   
Finished building target: control_ecu.elf
 
Invoking: AVR Create Extended Listing
avr-objdump -h -S control_ecu.elf  >"control_ecu.lss"
Finished building: control_ecu.lss
 
Invoking: Print Size
avr-size --format=avr --mcu=atmega16 control_ecu.elf
AVR Memory Usage
----------------
Device: atmega16

Program:    8828 bytes (53.9% Full)
(.text + .data + .bootloader)

Data:         29 bytes (2.8% Full)
(.data + .bss + .noinit)


Finished building: sizedummy
 

02:43:05 Build Finished. 0 errors, 1 warnings. (took 2s.520ms)

